Using pre-set license
Built from '2020.3/staging' branch; Version is '2020.3.30f1 (1fb1bf06830e) revision 2077119'; Using compiler version '192528614'; Build Type 'Release'
OS: 'Windows 10  (10.0.19042) 64bit Enterprise' Language: 'es' Physical Memory: 4016 MB
BatchMode: 1, IsHumanControllingUs: 0, StartBugReporterOnCrash: 0, Is64bit: 1, IsPro: 0

COMMAND LINE ARGUMENTS:
C:\Program Files\Unity\Hub\Editor\2020.3.30f1\Editor\Unity.exe
-adb2
-batchMode
-noUpm
-name
AssetImportWorker8
-projectPath
C:/Users/Adria/PROYECTO Videojuego - Kebab Simulator/KebabSimulator/Kebab Simulator
-logFile
Logs/AssetImportWorker8.log
-srvPort
54168
Successfully changed project path to: C:/Users/Adria/PROYECTO Videojuego - Kebab Simulator/KebabSimulator/Kebab Simulator
C:/Users/Adria/PROYECTO Videojuego - Kebab Simulator/KebabSimulator/Kebab Simulator
Using Asset Import Pipeline V2.
Refreshing native plugins compatible for Editor in 629.87 ms, found 2 plugins.
Preloading 0 native plugins for Editor in 0.00 ms.
Initialize engine version: 2020.3.30f1 (1fb1bf06830e)
[Subsystems] Discovering subsystems at path C:/Program Files/Unity/Hub/Editor/2020.3.30f1/Editor/Data/Resources/UnitySubsystems
[Subsystems] Discovering subsystems at path C:/Users/Adria/PROYECTO Videojuego - Kebab Simulator/KebabSimulator/Kebab Simulator/Assets
GfxDevice: creating device client; threaded=0
Direct3D:
    Version:  Direct3D 11.0 [level 11.1]
    Renderer: Intel(R) HD Graphics 5500 (ID=0x1616)
    Vendor:   
    VRAM:     2008 MB
    Driver:   20.19.15.5063
