Using pre-set license
Built from '2020.3/staging' branch; Version is '2020.3.30f1 (1fb1bf06830e) revision 2077119'; Using compiler version '192528614'; Build Type 'Release'
OS: 'Windows 10  (10.0.19044) 64bit Core' Language: 'es' Physical Memory: 16205 MB
BatchMode: 1, IsHumanControllingUs: 0, StartBugReporterOnCrash: 0, Is64bit: 1, IsPro: 0

COMMAND LINE ARGUMENTS:
C:\Program Files\Unity\Hub\Editor\2020.3.30f1\Editor\Unity.exe
-adb2
-batchMode
-noUpm
-name
AssetImportWorker0
-projectPath
C:/Users/maria/OneDrive/Documentos/GitHub/KebabSimulator/Kebab Simulator
-logFile
Logs/AssetImportWorker0.log
-srvPort
64029
Successfully changed project path to: C:/Users/maria/OneDrive/Documentos/GitHub/KebabSimulator/Kebab Simulator
C:/Users/maria/OneDrive/Documentos/GitHub/KebabSimulator/Kebab Simulator
Using Asset Import Pipeline V2.
Refreshing native plugins compatible for Editor in 40.46 ms, found 2 plugins.
Preloading 0 native plugins for Editor in 0.00 ms.
Initialize engine version: 2020.3.30f1 (1fb1bf06830e)
[Subsystems] Discovering subsystems at path C:/Program Files/Unity/Hub/Editor/2020.3.30f1/Editor/Data/Resources/UnitySubsystems
[Subsystems] Discovering subsystems at path C:/Users/maria/OneDrive/Documentos/GitHub/KebabSimulator/Kebab Simulator/Assets
GfxDevice: creating device client; threaded=0
Direct3D:
    Version:  Direct3D 11.0 [level 11.1]
    Renderer: NVIDIA GeForce RTX 3070 Laptop GPU (ID=0x249d)
    Vendor:   
    VRAM:     8044 MB
    Driver:   30.0.14.9717
Initialize mono
Mono path[0] = 'C:/Program Files/Unity/Hub/Editor/2020.3.30f1/Editor/Data/Managed'
Mono path[1] = 'C:/Program Files/Unity/Hub/Editor/2020.3.30f1/Editor/Data/MonoBleedingEdge/lib/mono/unityjit'
Mono config path = 'C:/Program Files/Unity/Hub/Editor/2020.3.30f1/Editor/Data/MonoBleedingEdge/etc'
Using monoOptions --debugger-agent=transport=dt_socket,embedding=1,server=y,suspend=n,address=127.0.0.1:56600
Begin MonoManager ReloadAssembly
Registering precompiled unity dll's ...
Register platform support module: C:/Program Files/Unity/Hub/Editor/2020.3.30f1/Editor/Data/PlaybackEngines/WebGLSupport/UnityEditor.WebGL.Extensions.dll
Register platform support module: C:/Program Files/Unity/Hub/Editor/2020.3.30f1/Editor/Data/PlaybackEngines/WindowsStandaloneSupport/UnityEditor.WindowsStandalone.Extensions.dll
Registered in 0.003267 seconds.
Native extension for WindowsStandalone target not found
Native extension for WebGL target not found
Refreshing native plugins compatible for Editor in 40.14 ms, found 2 plugins.
Preloading 0 native plugins for Editor in 0.00 ms.
Mono: successfully reloaded assembly
- Completed reload, in  0.664 seconds
Domain Reload Profiling:
	ReloadAssembly (664ms)
		BeginReloadAssembly (78ms)
			ExecutionOrderSort (0ms)
			DisableScriptedObjects (0ms)
			BackupInstance (0ms)
			ReleaseScriptingObjects (0ms)
			CreateAndSetChildDomain (1ms)
		EndReloadAssembly (496ms)
			LoadAssemblies (76ms)
			RebuildTransferFunctionScriptingTraits (0ms)
			SetupTypeCache (157ms)
			ReleaseScriptCaches (0ms)
			RebuildScriptCaches (35ms)
			SetupLoadedEditorAssemblies (190ms)
				LogAssemblyErrors (0ms)
				InitializePlatformSupportModulesInManaged (6ms)
				SetLoadedEditorAssemblies (0ms)
				RefreshPlugins (40ms)
				BeforeProcessingInitializeOnLoad (17ms)
				ProcessInitializeOnLoadAttributes (95ms)
				ProcessInitializeOnLoadMethodAttributes (31ms)
				AfterProcessingInitializeOnLoad (0ms)
				EditorAssembliesLoaded (0ms)
			ExecutionOrderSort2 (0ms)
			AwakeInstancesAfterBackupRestoration (0ms)
Platform modules already initialized, skipping
Registering precompiled user dll's ...
Registered in 0.003871 seconds.
Begin MonoManager ReloadAssembly
Native extension for WindowsStandalone target not found
Native extension for WebGL target not found
Refreshing native plugins compatible for Editor in 0.35 ms, found 2 plugins.
Preloading 0 native plugins for Editor in 0.00 ms.
Mono: successfully reloaded assembly
- Completed reload, in  1.158 seconds
Domain Reload Profiling:
	ReloadAssembly (1159ms)
		BeginReloadAssembly (176ms)
			ExecutionOrderSort (0ms)
			DisableScriptedObjects (5ms)
			BackupInstance (0ms)
			ReleaseScriptingObjects (0ms)
			CreateAndSetChildDomain (18ms)
		EndReloadAssembly (913ms)
			LoadAssemblies (98ms)
			RebuildTransferFunctionScriptingTraits (0ms)
			SetupTypeCache (281ms)
			ReleaseScriptCaches (0ms)
			RebuildScriptCaches (62ms)
			SetupLoadedEditorAssemblies (380ms)
				LogAssemblyErrors (0ms)
				InitializePlatformSupportModulesInManaged (6ms)
				SetLoadedEditorAssemblies (1ms)
				RefreshPlugins (0ms)
				BeforeProcessingInitializeOnLoad (101ms)
				ProcessInitializeOnLoadAttributes (256ms)
				ProcessInitializeOnLoadMethodAttributes (9ms)
				AfterProcessingInitializeOnLoad (8ms)
				EditorAssembliesLoaded (0ms)
			ExecutionOrderSort2 (0ms)
			AwakeInstancesAfterBackupRestoration (8ms)
Platform modules already initialized, skipping
========================================================================
Worker process is ready to serve import requests
Launched and connected shader compiler UnityShaderCompiler.exe after 0.08 seconds
Refreshing native plugins compatible for Editor in 0.43 ms, found 2 plugins.
Preloading 0 native plugins for Editor in 0.00 ms.
Unloading 1809 Unused Serialized files (Serialized files now loaded: 0)
System memory in use before: 84.0 MB.
System memory in use after: 84.0 MB.

Unloading 17 unused Assets to reduce memory usage. Loaded Objects now: 2246.
Total: 3.404400 ms (FindLiveObjects: 0.137100 ms CreateObjectMapping: 0.072200 ms MarkObjects: 3.114700 ms  DeleteObjects: 0.079200 ms)

AssetImportParameters requested are different than current active one (requested -> active):
  custom:framework-win-MediaFoundation: 216162199b28c13a410421893ffa2e32 -> 
  custom:video-decoder-ogg-theora: a1e56fd34408186e4bbccfd4996cb3dc -> 
  custom:container-muxer-webm: aa71ff27fc2769a1b78a27578f13a17b -> 
  custom:container-demuxer-webm: 4f35f7cbe854078d1ac9338744f61a02 -> 
  custom:container-demuxer-ogg: 62fdf1f143b41e24485cea50d1cbac27 -> 
  custom:video-encoder-webm-vp8: eb34c28f22e8b96e1ab97ce403110664 -> 
  custom:video-decoder-webm-vp8: 9c59270c3fd7afecdb556c50c9e8de78 -> 
  custom:audio-decoder-ogg-vorbis: bf7c407c2cedff20999df2af8eb42d56 -> 
  custom:audio-encoder-webm-vorbis: bf7c407c2cedff20999df2af8eb42d56 -> 
========================================================================
Received Import Request.
  path: Assets/_MiProyecto/Items/Prefabs/Ingredientes/Salsas
  artifactKey: Guid(d0798b6355c2a104bae7e66ed8c37371) Importer(815301076,1909f56bfc062723c751e8b465ee728b)
Start importing Assets/_MiProyecto/Items/Prefabs/Ingredientes/Salsas using Guid(d0798b6355c2a104bae7e66ed8c37371) Importer(815301076,1909f56bfc062723c751e8b465ee728b)  -> (artifact id: '71b756f61f1919249d5a37cbc518a908') in 0.010567 seconds 
========================================================================
Received Import Request.
  Time since last request: 0.000327 seconds.
  path: Assets/_MiProyecto/Items/Prefabs/Ingredientes/Salsas/Curry.prefab
  artifactKey: Guid(01c6c256fae1d5b4796528d034d05ab6) Importer(815301076,1909f56bfc062723c751e8b465ee728b)
Start importing Assets/_MiProyecto/Items/Prefabs/Ingredientes/Salsas/Curry.prefab using Guid(01c6c256fae1d5b4796528d034d05ab6) Importer(815301076,1909f56bfc062723c751e8b465ee728b)  -> (artifact id: '9a6e83c3449852331ad04435137e4ce8') in 0.154216 seconds 
========================================================================
Received Import Request.
  Time since last request: 0.000254 seconds.
  path: Assets/_MiProyecto/Items/Prefabs/Ingredientes/Salsas/Deluxe.prefab
  artifactKey: Guid(a8d3a8af5c641eb4da81e757474b8dfe) Importer(815301076,1909f56bfc062723c751e8b465ee728b)
Start importing Assets/_MiProyecto/Items/Prefabs/Ingredientes/Salsas/Deluxe.prefab using Guid(a8d3a8af5c641eb4da81e757474b8dfe) Importer(815301076,1909f56bfc062723c751e8b465ee728b)  -> (artifact id: 'e08663065de1a45d37442b97348f3fd9') in 0.028115 seconds 
========================================================================
Received Import Request.
  Time since last request: 0.000302 seconds.
  path: Assets/_MiProyecto/Items/Prefabs/Ingredientes/Salsas/Yogurt.prefab
  artifactKey: Guid(df2afeca7c8cf9846a42c73fccfe1009) Importer(815301076,1909f56bfc062723c751e8b465ee728b)
Start importing Assets/_MiProyecto/Items/Prefabs/Ingredientes/Salsas/Yogurt.prefab using Guid(df2afeca7c8cf9846a42c73fccfe1009) Importer(815301076,1909f56bfc062723c751e8b465ee728b)  -> (artifact id: 'f2b330b418bdb2c24ab7443ad9546044') in 0.027561 seconds 
========================================================================
Received Import Request.
  Time since last request: 0.000373 seconds.
  path: Assets/_MiProyecto/Items/Prefabs/Ingredientes/Salsas/Picante.prefab
  artifactKey: Guid(952027db8c50b3746ab2321336f2de2c) Importer(815301076,1909f56bfc062723c751e8b465ee728b)
Start importing Assets/_MiProyecto/Items/Prefabs/Ingredientes/Salsas/Picante.prefab using Guid(952027db8c50b3746ab2321336f2de2c) Importer(815301076,1909f56bfc062723c751e8b465ee728b)  -> (artifact id: '3369e175e91e73b3ff4c7877d3883cbf') in 0.034019 seconds 
========================================================================
Received Import Request.
  Time since last request: 46.435966 seconds.
  path: Assets/_MiProyecto/Items/Prefabs/Ingredientes/Verduras/Materials/Brocoli/Brocoli.mat
  artifactKey: Guid(c660d15cde9f5e847888e2fbd5a0f455) Importer(815301076,1909f56bfc062723c751e8b465ee728b)
Start importing Assets/_MiProyecto/Items/Prefabs/Ingredientes/Verduras/Materials/Brocoli/Brocoli.mat using Guid(c660d15cde9f5e847888e2fbd5a0f455) Importer(815301076,1909f56bfc062723c751e8b465ee728b)  -> (artifact id: '9a63551511e6d1e480c59500f3d6d244') in 0.035473 seconds 
========================================================================
Received Import Request.
  Time since last request: 48.443261 seconds.
  path: Assets/_MiProyecto/Items/Prefabs/Ingredientes/Verduras/Lechuga.prefab
  artifactKey: Guid(4fa0b118601a73b408f7dd43384bd15d) Importer(815301076,1909f56bfc062723c751e8b465ee728b)
Start importing Assets/_MiProyecto/Items/Prefabs/Ingredientes/Verduras/Lechuga.prefab using Guid(4fa0b118601a73b408f7dd43384bd15d) Importer(815301076,1909f56bfc062723c751e8b465ee728b)  -> (artifact id: '1515bab4a87334056d3945359ea2f372') in 0.017104 seconds 
========================================================================
Received Import Request.
  Time since last request: 5.390534 seconds.
  path: Assets/_MiProyecto/Items/Prefabs/Ingredientes/Verduras/Pimiento.prefab
  artifactKey: Guid(b317c7abba3a2cf42b7a1ccd0cac10e1) Importer(815301076,1909f56bfc062723c751e8b465ee728b)
Start importing Assets/_MiProyecto/Items/Prefabs/Ingredientes/Verduras/Pimiento.prefab using Guid(b317c7abba3a2cf42b7a1ccd0cac10e1) Importer(815301076,1909f56bfc062723c751e8b465ee728b)  -> (artifact id: '7cb0b46398b8332489fc24d4d3fc6099') in 0.034793 seconds 
========================================================================
Received Import Request.
  Time since last request: 3.148239 seconds.
  path: Assets/_MiProyecto/Items/Prefabs/Ingredientes/Verduras/Pimiento.prefab
  artifactKey: Guid(b317c7abba3a2cf42b7a1ccd0cac10e1) Importer(815301076,1909f56bfc062723c751e8b465ee728b)
Start importing Assets/_MiProyecto/Items/Prefabs/Ingredientes/Verduras/Pimiento.prefab using Guid(b317c7abba3a2cf42b7a1ccd0cac10e1) Importer(815301076,1909f56bfc062723c751e8b465ee728b)  -> (artifact id: '8492b30d3002a2da64a35391d5259c37') in 0.016790 seconds 
========================================================================
Received Import Request.
  Time since last request: 149.397615 seconds.
  path: Assets/_MiProyecto/Items/Prefabs/MesaCocina.fbx
  artifactKey: Guid(98b6b5b59764adf489e61a7460ad4f8e) Importer(815301076,1909f56bfc062723c751e8b465ee728b)
Start importing Assets/_MiProyecto/Items/Prefabs/MesaCocina.fbx using Guid(98b6b5b59764adf489e61a7460ad4f8e) Importer(815301076,1909f56bfc062723c751e8b465ee728b)  -> (artifact id: 'b2020258721dae62c2bd6837a6632c0d') in 0.078885 seconds 
========================================================================
Received Prepare
Registering precompiled user dll's ...
Registered in 0.003209 seconds.
Begin MonoManager ReloadAssembly
Native extension for WindowsStandalone target not found
Native extension for WebGL target not found
Refreshing native plugins compatible for Editor in 0.39 ms, found 2 plugins.
Preloading 0 native plugins for Editor in 0.00 ms.
Mono: successfully reloaded assembly
- Completed reload, in  1.183 seconds
Domain Reload Profiling:
	ReloadAssembly (1183ms)
		BeginReloadAssembly (146ms)
			ExecutionOrderSort (0ms)
			DisableScriptedObjects (6ms)
			BackupInstance (0ms)
			ReleaseScriptingObjects (0ms)
			CreateAndSetChildDomain (36ms)
		EndReloadAssembly (955ms)
			LoadAssemblies (122ms)
			RebuildTransferFunctionScriptingTraits (0ms)
			SetupTypeCache (330ms)
			ReleaseScriptCaches (1ms)
			RebuildScriptCaches (52ms)
			SetupLoadedEditorAssemblies (370ms)
				LogAssemblyErrors (0ms)
				InitializePlatformSupportModulesInManaged (6ms)
				SetLoadedEditorAssemblies (1ms)
				RefreshPlugins (0ms)
				BeforeProcessingInitializeOnLoad (92ms)
				ProcessInitializeOnLoadAttributes (255ms)
				ProcessInitializeOnLoadMethodAttributes (8ms)
				AfterProcessingInitializeOnLoad (7ms)
				EditorAssembliesLoaded (0ms)
			ExecutionOrderSort2 (0ms)
			AwakeInstancesAfterBackupRestoration (6ms)
Platform modules already initialized, skipping
Refreshing native plugins compatible for Editor in 0.40 ms, found 2 plugins.
Preloading 0 native plugins for Editor in 0.00 ms.
Unloading 1772 Unused Serialized files (Serialized files now loaded: 0)
System memory in use before: 84.4 MB.
System memory in use after: 84.5 MB.

Unloading 13 unused Assets to reduce memory usage. Loaded Objects now: 2296.
Total: 2.475200 ms (FindLiveObjects: 0.127900 ms CreateObjectMapping: 0.065800 ms MarkObjects: 2.260300 ms  DeleteObjects: 0.020600 ms)

AssetImportParameters requested are different than current active one (requested -> active):
  custom:framework-win-MediaFoundation: 216162199b28c13a410421893ffa2e32 -> 
  custom:video-decoder-ogg-theora: a1e56fd34408186e4bbccfd4996cb3dc -> 
  custom:container-muxer-webm: aa71ff27fc2769a1b78a27578f13a17b -> 
  custom:container-demuxer-webm: 4f35f7cbe854078d1ac9338744f61a02 -> 
  custom:container-demuxer-ogg: 62fdf1f143b41e24485cea50d1cbac27 -> 
  custom:video-encoder-webm-vp8: eb34c28f22e8b96e1ab97ce403110664 -> 
  custom:video-decoder-webm-vp8: 9c59270c3fd7afecdb556c50c9e8de78 -> 
  custom:audio-decoder-ogg-vorbis: bf7c407c2cedff20999df2af8eb42d56 -> 
  custom:audio-encoder-webm-vorbis: bf7c407c2cedff20999df2af8eb42d56 -> 
AssetImportWorkerClient::OnTransportError - code=2 error=End of file
