Using pre-set license
Built from '2020.3/staging' branch; Version is '2020.3.30f1 (1fb1bf06830e) revision 2077119'; Using compiler version '192528614'; Build Type 'Release'
OS: 'Windows 10  (10.0.19042) 64bit Enterprise' Language: 'es' Physical Memory: 4016 MB
BatchMode: 1, IsHumanControllingUs: 0, StartBugReporterOnCrash: 0, Is64bit: 1, IsPro: 0

COMMAND LINE ARGUMENTS:
C:\Program Files\Unity\Hub\Editor\2020.3.30f1\Editor\Unity.exe
-adb2
-batchMode
-noUpm
-name
AssetImportWorker0
-projectPath
C:/Users/Adria/PROYECTO Videojuego - Kebab Simulator/KebabSimulator/Kebab Simulator
-logFile
Logs/AssetImportWorker0.log
-srvPort
58516
Successfully changed project path to: C:/Users/Adria/PROYECTO Videojuego - Kebab Simulator/KebabSimulator/Kebab Simulator
C:/Users/Adria/PROYECTO Videojuego - Kebab Simulator/KebabSimulator/Kebab Simulator
Using Asset Import Pipeline V2.
Refreshing native plugins compatible for Editor in 93.34 ms, found 2 plugins.
Preloading 0 native plugins for Editor in 0.00 ms.
Initialize engine version: 2020.3.30f1 (1fb1bf06830e)
[Subsystems] Discovering subsystems at path C:/Program Files/Unity/Hub/Editor/2020.3.30f1/Editor/Data/Resources/UnitySubsystems
[Subsystems] Discovering subsystems at path C:/Users/Adria/PROYECTO Videojuego - Kebab Simulator/KebabSimulator/Kebab Simulator/Assets
GfxDevice: creating device client; threaded=0
Direct3D:
    Version:  Direct3D 11.0 [level 11.1]
    Renderer: Intel(R) HD Graphics 5500 (ID=0x1616)
    Vendor:   
    VRAM:     2008 MB
    Driver:   20.19.15.5063
Initialize mono
Mono path[0] = 'C:/Program Files/Unity/Hub/Editor/2020.3.30f1/Editor/Data/Managed'
Mono path[1] = 'C:/Program Files/Unity/Hub/Editor/2020.3.30f1/Editor/Data/MonoBleedingEdge/lib/mono/unityjit'
Mono config path = 'C:/Program Files/Unity/Hub/Editor/2020.3.30f1/Editor/Data/MonoBleedingEdge/etc'
Using monoOptions --debugger-agent=transport=dt_socket,embedding=1,server=y,suspend=n,address=127.0.0.1:56452
Begin MonoManager ReloadAssembly
Registering precompiled unity dll's ...
Register platform support module: C:/Program Files/Unity/Hub/Editor/2020.3.30f1/Editor/Data/PlaybackEngines/WebGLSupport/UnityEditor.WebGL.Extensions.dll
Register platform support module: C:/Program Files/Unity/Hub/Editor/2020.3.30f1/Editor/Data/PlaybackEngines/WindowsStandaloneSupport/UnityEditor.WindowsStandalone.Extensions.dll
Registered in 0.012041 seconds.
Native extension for WindowsStandalone target not found
Native extension for WebGL target not found
Refreshing native plugins compatible for Editor in 69.97 ms, found 2 plugins.
Preloading 0 native plugins for Editor in 0.00 ms.
Mono: successfully reloaded assembly
- Completed reload, in  1.703 seconds
Domain Reload Profiling:
	ReloadAssembly (1704ms)
		BeginReloadAssembly (264ms)
			ExecutionOrderSort (0ms)
			DisableScriptedObjects (0ms)
			BackupInstance (0ms)
			ReleaseScriptingObjects (0ms)
			CreateAndSetChildDomain (4ms)
		EndReloadAssembly (1247ms)
			LoadAssemblies (254ms)
			RebuildTransferFunctionScriptingTraits (1ms)
			SetupTypeCache (304ms)
			ReleaseScriptCaches (0ms)
			RebuildScriptCaches (60ms)
			SetupLoadedEditorAssemblies (639ms)
				LogAssemblyErrors (0ms)
				InitializePlatformSupportModulesInManaged (12ms)
				SetLoadedEditorAssemblies (0ms)
				RefreshPlugins (70ms)
				BeforeProcessingInitializeOnLoad (41ms)
				ProcessInitializeOnLoadAttributes (461ms)
				ProcessInitializeOnLoadMethodAttributes (53ms)
				AfterProcessingInitializeOnLoad (0ms)
				EditorAssembliesLoaded (0ms)
			ExecutionOrderSort2 (0ms)
			AwakeInstancesAfterBackupRestoration (0ms)
Platform modules already initialized, skipping
Registering precompiled user dll's ...
Registered in 0.020393 seconds.
Begin MonoManager ReloadAssembly
Native extension for WindowsStandalone target not found
Native extension for WebGL target not found
Refreshing native plugins compatible for Editor in 3.70 ms, found 2 plugins.
Preloading 0 native plugins for Editor in 0.00 ms.
Mono: successfully reloaded assembly
- Completed reload, in  2.839 seconds
Domain Reload Profiling:
	ReloadAssembly (2842ms)
		BeginReloadAssembly (389ms)
			ExecutionOrderSort (0ms)
			DisableScriptedObjects (10ms)
			BackupInstance (0ms)
			ReleaseScriptingObjects (0ms)
			CreateAndSetChildDomain (34ms)
		EndReloadAssembly (2315ms)
			LoadAssemblies (318ms)
			RebuildTransferFunctionScriptingTraits (0ms)
			SetupTypeCache (679ms)
			ReleaseScriptCaches (1ms)
			RebuildScriptCaches (96ms)
			SetupLoadedEditorAssemblies (954ms)
				LogAssemblyErrors (0ms)
				InitializePlatformSupportModulesInManaged (23ms)
				SetLoadedEditorAssemblies (5ms)
				RefreshPlugins (4ms)
				BeforeProcessingInitializeOnLoad (330ms)
				ProcessInitializeOnLoadAttributes (542ms)
				ProcessInitializeOnLoadMethodAttributes (28ms)
				AfterProcessingInitializeOnLoad (21ms)
				EditorAssembliesLoaded (1ms)
			ExecutionOrderSort2 (0ms)
			AwakeInstancesAfterBackupRestoration (17ms)
Platform modules already initialized, skipping
========================================================================
Worker process is ready to serve import requests
Launched and connected shader compiler UnityShaderCompiler.exe after 0.18 seconds
Refreshing native plugins compatible for Editor in 1.00 ms, found 2 plugins.
Preloading 0 native plugins for Editor in 0.00 ms.
Unloading 1810 Unused Serialized files (Serialized files now loaded: 0)
System memory in use before: 84.7 MB.
System memory in use after: 84.8 MB.

Unloading 17 unused Assets to reduce memory usage. Loaded Objects now: 2247.
Total: 13.698200 ms (FindLiveObjects: 0.298700 ms CreateObjectMapping: 0.171500 ms MarkObjects: 12.725300 ms  DeleteObjects: 0.500000 ms)

AssetImportParameters requested are different than current active one (requested -> active):
  custom:framework-win-MediaFoundation: 216162199b28c13a410421893ffa2e32 -> 
  custom:video-decoder-ogg-theora: a1e56fd34408186e4bbccfd4996cb3dc -> 
  custom:container-muxer-webm: aa71ff27fc2769a1b78a27578f13a17b -> 
  custom:container-demuxer-webm: 4f35f7cbe854078d1ac9338744f61a02 -> 
  custom:container-demuxer-ogg: 62fdf1f143b41e24485cea50d1cbac27 -> 
  custom:video-encoder-webm-vp8: eb34c28f22e8b96e1ab97ce403110664 -> 
  custom:video-decoder-webm-vp8: 9c59270c3fd7afecdb556c50c9e8de78 -> 
  custom:audio-decoder-ogg-vorbis: bf7c407c2cedff20999df2af8eb42d56 -> 
  custom:audio-encoder-webm-vorbis: bf7c407c2cedff20999df2af8eb42d56 -> 
========================================================================
Received Import Request.
  path: Assets/_MiProyecto/Mapa/Materiales/PuertaAlmacen.mat
  artifactKey: Guid(2f9e748b0d3202a4293a1c913564e051) Importer(815301076,1909f56bfc062723c751e8b465ee728b)
Start importing Assets/_MiProyecto/Mapa/Materiales/PuertaAlmacen.mat using Guid(2f9e748b0d3202a4293a1c913564e051) Importer(815301076,1909f56bfc062723c751e8b465ee728b)  -> (artifact id: '88bea28fd932db3c5641b717f3c43075') in 0.388634 seconds 
========================================================================
Received Import Request.
  Time since last request: 53.434839 seconds.
  path: Assets/_MiProyecto/Items/Prefabs/Ingredientes/Verduras/Materials
  artifactKey: Guid(03c2a57e9f0d7984bb433d284b4eb640) Importer(815301076,1909f56bfc062723c751e8b465ee728b)
Start importing Assets/_MiProyecto/Items/Prefabs/Ingredientes/Verduras/Materials using Guid(03c2a57e9f0d7984bb433d284b4eb640) Importer(815301076,1909f56bfc062723c751e8b465ee728b)  -> (artifact id: 'ed9dbd4a6e59c72736eb8cf0949ee017') in 0.031676 seconds 
========================================================================
Received Import Request.
  Time since last request: 0.090321 seconds.
  path: Assets/_MiProyecto/Items/Prefabs/Ingredientes/Verduras/Materials/01 - Default.mat
  artifactKey: Guid(3daaa768c56958d4d87c9da5325e2cac) Importer(815301076,1909f56bfc062723c751e8b465ee728b)
Start importing Assets/_MiProyecto/Items/Prefabs/Ingredientes/Verduras/Materials/01 - Default.mat using Guid(3daaa768c56958d4d87c9da5325e2cac) Importer(815301076,1909f56bfc062723c751e8b465ee728b)  -> (artifact id: 'b2a11a36139725ec99d36b219a7c0f4c') in 0.049992 seconds 
========================================================================
Received Import Request.
  Time since last request: 0.000592 seconds.
  path: Assets/_MiProyecto/Items/Prefabs/Ingredientes/Verduras/Materials/estacionVerduraSinVitrina (1).fbx
  artifactKey: Guid(8eabe34381f4316458fab0473e1cfe09) Importer(815301076,1909f56bfc062723c751e8b465ee728b)
Start importing Assets/_MiProyecto/Items/Prefabs/Ingredientes/Verduras/Materials/estacionVerduraSinVitrina (1).fbx using Guid(8eabe34381f4316458fab0473e1cfe09) Importer(815301076,1909f56bfc062723c751e8b465ee728b)  -> (artifact id: '441526394d649d0aa0207e5709597ddf') in 0.272431 seconds 
========================================================================
Received Import Request.
  Time since last request: 0.000467 seconds.
  path: Assets/_MiProyecto/Items/Prefabs/Ingredientes/Verduras/Materials/Bandeja.fbx
  artifactKey: Guid(38078ca02a85a9347a9329dd0598cbcd) Importer(815301076,1909f56bfc062723c751e8b465ee728b)
Start importing Assets/_MiProyecto/Items/Prefabs/Ingredientes/Verduras/Materials/Bandeja.fbx using Guid(38078ca02a85a9347a9329dd0598cbcd) Importer(815301076,1909f56bfc062723c751e8b465ee728b)  -> (artifact id: '0c45003d4b357b8568c08b4f159f8e82') in 0.097271 seconds 
========================================================================
Received Import Request.
  Time since last request: 0.000508 seconds.
  path: Assets/_MiProyecto/Items/Prefabs/Ingredientes/Verduras/Materials/Metallic.mat
  artifactKey: Guid(476441ca46b449b41a7c4f01af4a157d) Importer(815301076,1909f56bfc062723c751e8b465ee728b)
Start importing Assets/_MiProyecto/Items/Prefabs/Ingredientes/Verduras/Materials/Metallic.mat using Guid(476441ca46b449b41a7c4f01af4a157d) Importer(815301076,1909f56bfc062723c751e8b465ee728b)  -> (artifact id: 'cac8a1760874078d5c69ccdd03db53b3') in 0.057186 seconds 
========================================================================
Received Import Request.
  Time since last request: 0.258091 seconds.
  path: Assets/_MiProyecto/Items/Prefabs/Ingredientes/Verduras/Materials/vitrinaVerdura (1).fbx
  artifactKey: Guid(dace8f67aa92e6f4a964b026177b057d) Importer(815301076,1909f56bfc062723c751e8b465ee728b)
Start importing Assets/_MiProyecto/Items/Prefabs/Ingredientes/Verduras/Materials/vitrinaVerdura (1).fbx using Guid(dace8f67aa92e6f4a964b026177b057d) Importer(815301076,1909f56bfc062723c751e8b465ee728b)  -> (artifact id: '9a601ade11d7ca2dc07a36f443be4c3d') in 0.066147 seconds 
========================================================================
Received Import Request.
  Time since last request: 30.958905 seconds.
  path: Assets/_MiProyecto/Items/Prefabs/Ingredientes/Verduras/Materials/Lechuga/Materials/lechuga.mat
  artifactKey: Guid(063e3efd22e68df42839143427c6e234) Importer(815301076,1909f56bfc062723c751e8b465ee728b)
Start importing Assets/_MiProyecto/Items/Prefabs/Ingredientes/Verduras/Materials/Lechuga/Materials/lechuga.mat using Guid(063e3efd22e68df42839143427c6e234) Importer(815301076,1909f56bfc062723c751e8b465ee728b)  -> (artifact id: 'b9a514bfb9a99b7a422e3a1e596f7eec') in 0.037019 seconds 
========================================================================
Received Import Request.
  Time since last request: 214.782038 seconds.
  path: Assets/_MiProyecto/Mapa/Materiales/PuertaAlmacen.mat
  artifactKey: Guid(2f9e748b0d3202a4293a1c913564e051) Importer(815301076,1909f56bfc062723c751e8b465ee728b)
Start importing Assets/_MiProyecto/Mapa/Materiales/PuertaAlmacen.mat using Guid(2f9e748b0d3202a4293a1c913564e051) Importer(815301076,1909f56bfc062723c751e8b465ee728b)  -> (artifact id: 'c2d2b1091f62cdc86416389890d3a64d') in 0.057117 seconds 
========================================================================
Received Import Request.
  Time since last request: 88.513429 seconds.
  path: Assets/_MiProyecto/Mapa/Modelos/PapeleraF.fbx
  artifactKey: Guid(837a5a21d91c0a04f9b036ff58dd2c90) Importer(815301076,1909f56bfc062723c751e8b465ee728b)
Start importing Assets/_MiProyecto/Mapa/Modelos/PapeleraF.fbx using Guid(837a5a21d91c0a04f9b036ff58dd2c90) Importer(815301076,1909f56bfc062723c751e8b465ee728b)  -> (artifact id: 'a8e52f67c4d6a04b05acbaa38aa9fc05') in 0.111490 seconds 
========================================================================
Received Import Request.
  Time since last request: 20.020934 seconds.
  path: Assets/_MiProyecto/Mapa/Materiales/tex_papelera.png
  artifactKey: Guid(bd9ef7b245fa8f44eaf3e6af57277580) Importer(815301076,1909f56bfc062723c751e8b465ee728b)
Start importing Assets/_MiProyecto/Mapa/Materiales/tex_papelera.png using Guid(bd9ef7b245fa8f44eaf3e6af57277580) Importer(815301076,1909f56bfc062723c751e8b465ee728b)  -> (artifact id: 'f9f5f7251b5f73037be4401dd745fb56') in 0.081762 seconds 
========================================================================
Received Import Request.
  Time since last request: 342.530639 seconds.
  path: Assets/_MiProyecto/Mapa/Materiales/Materials
  artifactKey: Guid(8a5c21baa624b634fb0b8fc98e9b3281) Importer(815301076,1909f56bfc062723c751e8b465ee728b)
Start importing Assets/_MiProyecto/Mapa/Materiales/Materials using Guid(8a5c21baa624b634fb0b8fc98e9b3281) Importer(815301076,1909f56bfc062723c751e8b465ee728b)  -> (artifact id: 'a5243478f6e571564f51e82c29d487a7') in 0.013185 seconds 
========================================================================
Received Import Request.
  Time since last request: 0.066577 seconds.
  path: Assets/_MiProyecto/Mapa/Materiales/Materials/tex_papelera.mat
  artifactKey: Guid(aa1506e65ce6df34e9cb35af6340f82d) Importer(815301076,1909f56bfc062723c751e8b465ee728b)
Start importing Assets/_MiProyecto/Mapa/Materiales/Materials/tex_papelera.mat using Guid(aa1506e65ce6df34e9cb35af6340f82d) Importer(815301076,1909f56bfc062723c751e8b465ee728b)  -> (artifact id: '2a363fb2d1990aa83a74a0946951b1e8') in 0.035055 seconds 
========================================================================
Received Prepare
Registering precompiled user dll's ...
Registered in 0.013461 seconds.
Begin MonoManager ReloadAssembly
Native extension for WindowsStandalone target not found
Native extension for WebGL target not found
Refreshing native plugins compatible for Editor in 0.65 ms, found 2 plugins.
Preloading 0 native plugins for Editor in 0.00 ms.
Mono: successfully reloaded assembly
- Completed reload, in  2.291 seconds
Domain Reload Profiling:
	ReloadAssembly (2294ms)
		BeginReloadAssembly (424ms)
			ExecutionOrderSort (0ms)
			DisableScriptedObjects (28ms)
			BackupInstance (0ms)
			ReleaseScriptingObjects (0ms)
			CreateAndSetChildDomain (155ms)
		EndReloadAssembly (1720ms)
			LoadAssemblies (269ms)
			RebuildTransferFunctionScriptingTraits (0ms)
			SetupTypeCache (581ms)
			ReleaseScriptCaches (1ms)
			RebuildScriptCaches (81ms)
			SetupLoadedEditorAssemblies (626ms)
				LogAssemblyErrors (0ms)
				InitializePlatformSupportModulesInManaged (11ms)
				SetLoadedEditorAssemblies (1ms)
				RefreshPlugins (1ms)
				BeforeProcessingInitializeOnLoad (167ms)
				ProcessInitializeOnLoadAttributes (404ms)
				ProcessInitializeOnLoadMethodAttributes (15ms)
				AfterProcessingInitializeOnLoad (26ms)
				EditorAssembliesLoaded (1ms)
			ExecutionOrderSort2 (0ms)
			AwakeInstancesAfterBackupRestoration (13ms)
Platform modules already initialized, skipping
Refreshing native plugins compatible for Editor in 1.00 ms, found 2 plugins.
Preloading 0 native plugins for Editor in 0.00 ms.
Unloading 1773 Unused Serialized files (Serialized files now loaded: 0)
System memory in use before: 85.0 MB.
System memory in use after: 85.1 MB.

Unloading 13 unused Assets to reduce memory usage. Loaded Objects now: 2293.
Total: 4.948000 ms (FindLiveObjects: 0.194000 ms CreateObjectMapping: 0.095000 ms MarkObjects: 4.621600 ms  DeleteObjects: 0.035900 ms)

AssetImportParameters requested are different than current active one (requested -> active):
  custom:framework-win-MediaFoundation: 216162199b28c13a410421893ffa2e32 -> 
  custom:video-decoder-ogg-theora: a1e56fd34408186e4bbccfd4996cb3dc -> 
  custom:container-muxer-webm: aa71ff27fc2769a1b78a27578f13a17b -> 
  custom:container-demuxer-webm: 4f35f7cbe854078d1ac9338744f61a02 -> 
  custom:container-demuxer-ogg: 62fdf1f143b41e24485cea50d1cbac27 -> 
  custom:video-encoder-webm-vp8: eb34c28f22e8b96e1ab97ce403110664 -> 
  custom:video-decoder-webm-vp8: 9c59270c3fd7afecdb556c50c9e8de78 -> 
  custom:audio-decoder-ogg-vorbis: bf7c407c2cedff20999df2af8eb42d56 -> 
  custom:audio-encoder-webm-vorbis: bf7c407c2cedff20999df2af8eb42d56 -> 
========================================================================
Received Import Request.
  Time since last request: 90.256913 seconds.
  path: Assets/_MiProyecto/Items/Prefabs/Kebab.prefab
  artifactKey: Guid(4e8aebb8f516b20409898919946c6f91) Importer(815301076,1909f56bfc062723c751e8b465ee728b)
Start importing Assets/_MiProyecto/Items/Prefabs/Kebab.prefab using Guid(4e8aebb8f516b20409898919946c6f91) Importer(815301076,1909f56bfc062723c751e8b465ee728b)  -> (artifact id: 'fb67dc481b72e077028f76fce508af58') in 0.246360 seconds 
========================================================================
Received Import Request.
  Time since last request: 32.138847 seconds.
  path: Assets/_MiProyecto/Items/Prefabs/Kebab.prefab
  artifactKey: Guid(4e8aebb8f516b20409898919946c6f91) Importer(815301076,1909f56bfc062723c751e8b465ee728b)
Start importing Assets/_MiProyecto/Items/Prefabs/Kebab.prefab using Guid(4e8aebb8f516b20409898919946c6f91) Importer(815301076,1909f56bfc062723c751e8b465ee728b)  -> (artifact id: '48a1db9c8252319b4b58b8b25bc5f8a9') in 0.044686 seconds 
========================================================================
Received Import Request.
  Time since last request: 185.483100 seconds.
  path: Assets/_MiProyecto/Items/Prefabs/Ingredientes/Verduras/Materials/Brocoli
  artifactKey: Guid(0829a9d7fe25baf488157c03ca9f72b3) Importer(815301076,1909f56bfc062723c751e8b465ee728b)
Start importing Assets/_MiProyecto/Items/Prefabs/Ingredientes/Verduras/Materials/Brocoli using Guid(0829a9d7fe25baf488157c03ca9f72b3) Importer(815301076,1909f56bfc062723c751e8b465ee728b)  -> (artifact id: 'e15275535fd5e05f9c4dd061a10526f3') in 0.025577 seconds 
========================================================================
Received Import Request.
  Time since last request: 0.056351 seconds.
  path: Assets/_MiProyecto/Items/Prefabs/Ingredientes/Verduras/Materials/Brocoli/Brocoli.fbx
  artifactKey: Guid(52f41f691111133409be9440f03ce06f) Importer(815301076,1909f56bfc062723c751e8b465ee728b)
Start importing Assets/_MiProyecto/Items/Prefabs/Ingredientes/Verduras/Materials/Brocoli/Brocoli.fbx using Guid(52f41f691111133409be9440f03ce06f) Importer(815301076,1909f56bfc062723c751e8b465ee728b)  -> (artifact id: '79474bf418454be4aec48f48eae259a2') in 0.087973 seconds 
========================================================================
Received Import Request.
  Time since last request: 0.000480 seconds.
  path: Assets/_MiProyecto/Items/Prefabs/Ingredientes/Verduras/Materials/Brocoli/Brocoli.mat
  artifactKey: Guid(c660d15cde9f5e847888e2fbd5a0f455) Importer(815301076,1909f56bfc062723c751e8b465ee728b)
Start importing Assets/_MiProyecto/Items/Prefabs/Ingredientes/Verduras/Materials/Brocoli/Brocoli.mat using Guid(c660d15cde9f5e847888e2fbd5a0f455) Importer(815301076,1909f56bfc062723c751e8b465ee728b)  -> (artifact id: '03c59b9e5f29cd73d172bf6b4f1a64d1') in 0.073007 seconds 
========================================================================
Received Import Request.
  Time since last request: 146.375178 seconds.
  path: Assets/_MiProyecto/Mapa/Modelos/estacionVerduraSinVitrina.fbx
  artifactKey: Guid(ee1c33a05ca075e428f8188b804f79c0) Importer(815301076,1909f56bfc062723c751e8b465ee728b)
Start importing Assets/_MiProyecto/Mapa/Modelos/estacionVerduraSinVitrina.fbx using Guid(ee1c33a05ca075e428f8188b804f79c0) Importer(815301076,1909f56bfc062723c751e8b465ee728b)  -> (artifact id: 'c20220c4bfef680131e48b26b9b9dea8') in 0.136127 seconds 
========================================================================
Received Import Request.
  Time since last request: 231.178432 seconds.
  path: Assets/_MiProyecto/Mapa/Materiales/PuertaAlmacen.mat
  artifactKey: Guid(2f9e748b0d3202a4293a1c913564e051) Importer(815301076,1909f56bfc062723c751e8b465ee728b)
Start importing Assets/_MiProyecto/Mapa/Materiales/PuertaAlmacen.mat using Guid(2f9e748b0d3202a4293a1c913564e051) Importer(815301076,1909f56bfc062723c751e8b465ee728b)  -> (artifact id: '83f82cb3e4d9ce6f51be427d254f5269') in 0.039561 seconds 
========================================================================
Received Import Request.
  Time since last request: 148.143625 seconds.
  path: Assets/_MiProyecto/Items/Prefabs/Ingredientes/Carnes/Materiales
  artifactKey: Guid(020889ba92da966409f6161a019f13b4) Importer(815301076,1909f56bfc062723c751e8b465ee728b)
Start importing Assets/_MiProyecto/Items/Prefabs/Ingredientes/Carnes/Materiales using Guid(020889ba92da966409f6161a019f13b4) Importer(815301076,1909f56bfc062723c751e8b465ee728b)  -> (artifact id: '20313d2a26bb2f72195277850f543d6a') in 0.026678 seconds 
========================================================================
Received Import Request.
  Time since last request: 26.700414 seconds.
  path: Assets/_MiProyecto/Items/Materiales/Carnes
  artifactKey: Guid(d817c4cbd648eb249b269d2744e82157) Importer(815301076,1909f56bfc062723c751e8b465ee728b)
Start importing Assets/_MiProyecto/Items/Materiales/Carnes using Guid(d817c4cbd648eb249b269d2744e82157) Importer(815301076,1909f56bfc062723c751e8b465ee728b)  -> (artifact id: 'e5d8c77d26cd7c79dfb224109fe29226') in 0.031185 seconds 
========================================================================
Received Import Request.
  Time since last request: 45.252074 seconds.
  path: Assets/_MiProyecto/Items/Prefabs/Ingredientes/Carnes/Rollo Camello.prefab
  artifactKey: Guid(2df176ee7cff5284ea6330a42542f54a) Importer(815301076,1909f56bfc062723c751e8b465ee728b)
Start importing Assets/_MiProyecto/Items/Prefabs/Ingredientes/Carnes/Rollo Camello.prefab using Guid(2df176ee7cff5284ea6330a42542f54a) Importer(815301076,1909f56bfc062723c751e8b465ee728b)  -> (artifact id: 'dd7fe79eddf65884e1049a34c4e20801') in 0.112507 seconds 
========================================================================
Received Import Request.
  Time since last request: 2.372475 seconds.
  path: Assets/_MiProyecto/Items/Prefabs/Ingredientes/Carnes/carneCamelloTextura.fbx
  artifactKey: Guid(7361b78adae78f04582037bee5108749) Importer(815301076,1909f56bfc062723c751e8b465ee728b)
Start importing Assets/_MiProyecto/Items/Prefabs/Ingredientes/Carnes/carneCamelloTextura.fbx using Guid(7361b78adae78f04582037bee5108749) Importer(815301076,1909f56bfc062723c751e8b465ee728b)  -> (artifact id: 'a41ab41692bf9bceabbf1434c2c263fb') in 0.064570 seconds 
========================================================================
Received Import Request.
  Time since last request: 33.358156 seconds.
  path: Assets/_MiProyecto/Items
  artifactKey: Guid(9471fb8a0b1d9a141a320e54d56f2833) Importer(815301076,1909f56bfc062723c751e8b465ee728b)
Start importing Assets/_MiProyecto/Items using Guid(9471fb8a0b1d9a141a320e54d56f2833) Importer(815301076,1909f56bfc062723c751e8b465ee728b)  -> (artifact id: '0bc900c1fb7332f92da51ed6fd9fed42') in 0.033620 seconds 
========================================================================
Received Import Request.
  Time since last request: 7.279712 seconds.
  path: Assets/_MiProyecto/Items/Modelos
  artifactKey: Guid(659ada1818a44154589918a299398368) Importer(815301076,1909f56bfc062723c751e8b465ee728b)
Start importing Assets/_MiProyecto/Items/Modelos using Guid(659ada1818a44154589918a299398368) Importer(815301076,1909f56bfc062723c751e8b465ee728b)  -> (artifact id: '3c7254dd41100021db5d1d8c45fbc2c2') in 0.026035 seconds 
========================================================================
Received Import Request.
  Time since last request: 28.104306 seconds.
  path: Assets/_MiProyecto/Items/Prefabs/Ingredientes/Carnes/Modelos
  artifactKey: Guid(a0b07ac5a1eb55446b8eded4b440a6fa) Importer(815301076,1909f56bfc062723c751e8b465ee728b)
Start importing Assets/_MiProyecto/Items/Prefabs/Ingredientes/Carnes/Modelos using Guid(a0b07ac5a1eb55446b8eded4b440a6fa) Importer(815301076,1909f56bfc062723c751e8b465ee728b)  -> (artifact id: '75a07df3542398c9ce1021cc1ca6c2e3') in 0.015390 seconds 
========================================================================
Received Import Request.
  Time since last request: 104.278727 seconds.
  path: Assets/_MiProyecto/Items/Prefabs/Ingredientes/Carnes/Rollo Camello.prefab
  artifactKey: Guid(2df176ee7cff5284ea6330a42542f54a) Importer(815301076,1909f56bfc062723c751e8b465ee728b)
Start importing Assets/_MiProyecto/Items/Prefabs/Ingredientes/Carnes/Rollo Camello.prefab using Guid(2df176ee7cff5284ea6330a42542f54a) Importer(815301076,1909f56bfc062723c751e8b465ee728b)  -> (artifact id: '6f3fa37c123e2997dcf58c57221b53b6') in 0.063378 seconds 
========================================================================
Received Import Request.
  Time since last request: 13.788274 seconds.
  path: Assets/_MiProyecto/Items/Prefabs/Ingredientes/Carnes/Rollo Cordero.prefab
  artifactKey: Guid(8ced8ce8a2d14b249a4b99ea22d64c50) Importer(815301076,1909f56bfc062723c751e8b465ee728b)
Start importing Assets/_MiProyecto/Items/Prefabs/Ingredientes/Carnes/Rollo Cordero.prefab using Guid(8ced8ce8a2d14b249a4b99ea22d64c50) Importer(815301076,1909f56bfc062723c751e8b465ee728b)  -> (artifact id: '2d5249e49aa98e67e345a320ac2e0cf5') in 0.044185 seconds 
========================================================================
Received Import Request.
  Time since last request: 8.330431 seconds.
  path: Assets/_MiProyecto/Items/Prefabs/Ingredientes/Carnes/Rollo Falafel.prefab
  artifactKey: Guid(eeb3232aa0fa50445991e5c3f14b3f51) Importer(815301076,1909f56bfc062723c751e8b465ee728b)
Start importing Assets/_MiProyecto/Items/Prefabs/Ingredientes/Carnes/Rollo Falafel.prefab using Guid(eeb3232aa0fa50445991e5c3f14b3f51) Importer(815301076,1909f56bfc062723c751e8b465ee728b)  -> (artifact id: '5b58919ab7da123f2d3769c0d90ab30c') in 0.044341 seconds 
========================================================================
Received Import Request.
  Time since last request: 8.484084 seconds.
  path: Assets/_MiProyecto/Items/Prefabs/Ingredientes/Carnes/Rollo Pollo.prefab
  artifactKey: Guid(5810b7457eb21dc4c9a0e438904a1a64) Importer(815301076,1909f56bfc062723c751e8b465ee728b)
Start importing Assets/_MiProyecto/Items/Prefabs/Ingredientes/Carnes/Rollo Pollo.prefab using Guid(5810b7457eb21dc4c9a0e438904a1a64) Importer(815301076,1909f56bfc062723c751e8b465ee728b)  -> (artifact id: '9b072a1cf100b0c9b9fa09939b277582') in 0.054540 seconds 
========================================================================
Received Import Request.
  Time since last request: 5.763353 seconds.
  path: Assets/_MiProyecto/Items/Prefabs/Ingredientes/Carnes/Rollo Ternera.prefab
  artifactKey: Guid(9b90049ce6180a14db669ff7d774f8cd) Importer(815301076,1909f56bfc062723c751e8b465ee728b)
Start importing Assets/_MiProyecto/Items/Prefabs/Ingredientes/Carnes/Rollo Ternera.prefab using Guid(9b90049ce6180a14db669ff7d774f8cd) Importer(815301076,1909f56bfc062723c751e8b465ee728b)  -> (artifact id: 'cd0d1e5522005c2279f16253b92c71ee') in 0.052993 seconds 
========================================================================
Received Import Request.
  Time since last request: 14.474043 seconds.
  path: Assets/_MiProyecto/Items/Prefabs/Ingredientes/Salsas/Curry
  artifactKey: Guid(a6aaa078eb51a794aab79ec127c967c9) Importer(815301076,1909f56bfc062723c751e8b465ee728b)
Start importing Assets/_MiProyecto/Items/Prefabs/Ingredientes/Salsas/Curry using Guid(a6aaa078eb51a794aab79ec127c967c9) Importer(815301076,1909f56bfc062723c751e8b465ee728b)  -> (artifact id: 'bee57b0107d0d35dea64241001c25b4e') in 0.031110 seconds 
========================================================================
Received Import Request.
  Time since last request: 0.051957 seconds.
  path: Assets/_MiProyecto/Items/Prefabs/Ingredientes/Salsas/Curry/Curry.mat
  artifactKey: Guid(82f4f9f3008e2484fb8d2bd2b7725c44) Importer(815301076,1909f56bfc062723c751e8b465ee728b)
Start importing Assets/_MiProyecto/Items/Prefabs/Ingredientes/Salsas/Curry/Curry.mat using Guid(82f4f9f3008e2484fb8d2bd2b7725c44) Importer(815301076,1909f56bfc062723c751e8b465ee728b)  -> (artifact id: 'a85d36352c5902d9adb6d31e940c5307') in 0.028340 seconds 
========================================================================
Received Import Request.
  Time since last request: 0.000386 seconds.
  path: Assets/_MiProyecto/Items/Prefabs/Ingredientes/Salsas/Curry/CurryTapon.mat
  artifactKey: Guid(d0ae54cff349216479464af0582d04d1) Importer(815301076,1909f56bfc062723c751e8b465ee728b)
Start importing Assets/_MiProyecto/Items/Prefabs/Ingredientes/Salsas/Curry/CurryTapon.mat using Guid(d0ae54cff349216479464af0582d04d1) Importer(815301076,1909f56bfc062723c751e8b465ee728b)  -> (artifact id: '31f58b53d73d380040ae42dd230087c5') in 0.060107 seconds 
========================================================================
Received Import Request.
  Time since last request: 13.901069 seconds.
  path: Assets/_MiProyecto/Items/Prefabs/Ingredientes/Salsas/Deluxe/Deluxe.mat
  artifactKey: Guid(eaa862b6884ef9d4c882fbfa1308efd6) Importer(815301076,1909f56bfc062723c751e8b465ee728b)
Start importing Assets/_MiProyecto/Items/Prefabs/Ingredientes/Salsas/Deluxe/Deluxe.mat using Guid(eaa862b6884ef9d4c882fbfa1308efd6) Importer(815301076,1909f56bfc062723c751e8b465ee728b)  -> (artifact id: 'a68be620ddb3c0c7905c4eb595535011') in 0.046420 seconds 
========================================================================
Received Import Request.
  Time since last request: 0.000489 seconds.
  path: Assets/_MiProyecto/Items/Prefabs/Ingredientes/Salsas/Deluxe/DeluxeTapon.mat
  artifactKey: Guid(dbc05873dd28ace4e90aed65ac033481) Importer(815301076,1909f56bfc062723c751e8b465ee728b)
Start importing Assets/_MiProyecto/Items/Prefabs/Ingredientes/Salsas/Deluxe/DeluxeTapon.mat using Guid(dbc05873dd28ace4e90aed65ac033481) Importer(815301076,1909f56bfc062723c751e8b465ee728b)  -> (artifact id: '0f9a2023858fedc00a7bfb1b614e84e7') in 0.055233 seconds 
========================================================================
Received Import Request.
  Time since last request: 2.690893 seconds.
  path: Assets/_MiProyecto/Items/Prefabs/Ingredientes/Salsas/Picante/Picante.mat
  artifactKey: Guid(e622d22fe730e8244a951942d865ee1e) Importer(815301076,1909f56bfc062723c751e8b465ee728b)
Start importing Assets/_MiProyecto/Items/Prefabs/Ingredientes/Salsas/Picante/Picante.mat using Guid(e622d22fe730e8244a951942d865ee1e) Importer(815301076,1909f56bfc062723c751e8b465ee728b)  -> (artifact id: 'b2baaa1d565439bc2f3b0bea791b8489') in 0.039467 seconds 
========================================================================
Received Import Request.
  Time since last request: 0.000419 seconds.
  path: Assets/_MiProyecto/Items/Prefabs/Ingredientes/Salsas/Picante/PicanteTapon.mat
  artifactKey: Guid(217a3f430e7a36448b66f0f9740c6c89) Importer(815301076,1909f56bfc062723c751e8b465ee728b)
Start importing Assets/_MiProyecto/Items/Prefabs/Ingredientes/Salsas/Picante/PicanteTapon.mat using Guid(217a3f430e7a36448b66f0f9740c6c89) Importer(815301076,1909f56bfc062723c751e8b465ee728b)  -> (artifact id: '2035115be4a9f0819a5a85e538ae7627') in 0.044045 seconds 
========================================================================
Received Import Request.
  Time since last request: 2.690101 seconds.
  path: Assets/_MiProyecto/Items/Prefabs/Ingredientes/Salsas/Yogurt/Yogurt.mat
  artifactKey: Guid(98a3da545d76c24448b841afd797cbc5) Importer(815301076,1909f56bfc062723c751e8b465ee728b)
Start importing Assets/_MiProyecto/Items/Prefabs/Ingredientes/Salsas/Yogurt/Yogurt.mat using Guid(98a3da545d76c24448b841afd797cbc5) Importer(815301076,1909f56bfc062723c751e8b465ee728b)  -> (artifact id: '72c7bc668195bb39ae6bcd346b50dc3e') in 0.030052 seconds 
========================================================================
Received Import Request.
  Time since last request: 0.000556 seconds.
  path: Assets/_MiProyecto/Items/Prefabs/Ingredientes/Salsas/Yogurt/YogurtTapon.mat
  artifactKey: Guid(8b23432fad58fe04d89a994dce67d12b) Importer(815301076,1909f56bfc062723c751e8b465ee728b)
Start importing Assets/_MiProyecto/Items/Prefabs/Ingredientes/Salsas/Yogurt/YogurtTapon.mat using Guid(8b23432fad58fe04d89a994dce67d12b) Importer(815301076,1909f56bfc062723c751e8b465ee728b)  -> (artifact id: '85e85609db53348e4122c4e2bb4d5285') in 0.049673 seconds 
========================================================================
Received Import Request.
  Time since last request: 0.000487 seconds.
  path: Assets/_MiProyecto/Items/Prefabs/Ingredientes/Salsas/Yogurt/Yogurt.prefab
  artifactKey: Guid(df2afeca7c8cf9846a42c73fccfe1009) Importer(815301076,1909f56bfc062723c751e8b465ee728b)
Start importing Assets/_MiProyecto/Items/Prefabs/Ingredientes/Salsas/Yogurt/Yogurt.prefab using Guid(df2afeca7c8cf9846a42c73fccfe1009) Importer(815301076,1909f56bfc062723c751e8b465ee728b)  -> (artifact id: 'b688e825adb48092fb6efc90f9092e1c') in 0.064447 seconds 
========================================================================
Received Import Request.
  Time since last request: 17.518130 seconds.
  path: Assets/_MiProyecto/Items/Prefabs/Ingredientes/Salsas/Modelos
  artifactKey: Guid(cc9edef635ac4de40b8c79c0a079fd57) Importer(815301076,1909f56bfc062723c751e8b465ee728b)
Start importing Assets/_MiProyecto/Items/Prefabs/Ingredientes/Salsas/Modelos using Guid(cc9edef635ac4de40b8c79c0a079fd57) Importer(815301076,1909f56bfc062723c751e8b465ee728b)  -> (artifact id: 'e05586e1bba0ea9400c1365d109f9aed') in 0.011409 seconds 
========================================================================
Received Import Request.
  Time since last request: 5.672243 seconds.
  path: Assets/_MiProyecto/Items/Prefabs/Ingredientes/Salsas/Materiales
  artifactKey: Guid(71989bb9f749f424f882db302ad26df2) Importer(815301076,1909f56bfc062723c751e8b465ee728b)
Start importing Assets/_MiProyecto/Items/Prefabs/Ingredientes/Salsas/Materiales using Guid(71989bb9f749f424f882db302ad26df2) Importer(815301076,1909f56bfc062723c751e8b465ee728b)  -> (artifact id: 'c7a27f68b5d56ca5010f170a56c12013') in 0.012009 seconds 
========================================================================
Received Import Request.
  Time since last request: 43.038429 seconds.
  path: Assets/_MiProyecto/Items/Prefabs/Ingredientes/Salsas/Deluxe
  artifactKey: Guid(88c1823fec9d5354cb5c6575409e9bdb) Importer(815301076,1909f56bfc062723c751e8b465ee728b)
Start importing Assets/_MiProyecto/Items/Prefabs/Ingredientes/Salsas/Deluxe using Guid(88c1823fec9d5354cb5c6575409e9bdb) Importer(815301076,1909f56bfc062723c751e8b465ee728b)  -> (artifact id: '6b6fdc5e902345fda9a1fd56a5c1d2d0') in 0.010831 seconds 
========================================================================
Received Import Request.
  Time since last request: 124.269836 seconds.
  path: Assets/_MiProyecto/Items/Prefabs/Ingredientes/Verduras/Materials/Cebolla/cebolla.mat
  artifactKey: Guid(3f7adcd2ee63c954694f9c41cc7dec51) Importer(815301076,1909f56bfc062723c751e8b465ee728b)
Start importing Assets/_MiProyecto/Items/Prefabs/Ingredientes/Verduras/Materials/Cebolla/cebolla.mat using Guid(3f7adcd2ee63c954694f9c41cc7dec51) Importer(815301076,1909f56bfc062723c751e8b465ee728b)  -> (artifact id: 'd229abfa9e1850b7d40b500883f2c11d') in 0.056770 seconds 
========================================================================
Received Import Request.
  Time since last request: 0.000391 seconds.
  path: Assets/_MiProyecto/Items/Prefabs/Ingredientes/Verduras/Materials/Cebolla/cebollap.fbx
  artifactKey: Guid(82af6d674173b78419cbdb51a6bdedf2) Importer(815301076,1909f56bfc062723c751e8b465ee728b)
Start importing Assets/_MiProyecto/Items/Prefabs/Ingredientes/Verduras/Materials/Cebolla/cebollap.fbx using Guid(82af6d674173b78419cbdb51a6bdedf2) Importer(815301076,1909f56bfc062723c751e8b465ee728b)  -> (artifact id: 'e8767e3a6b137d29d9d55b95ba3bcb76') in 0.096083 seconds 
========================================================================
Received Import Request.
  Time since last request: 0.258383 seconds.
  path: Assets/_MiProyecto/Items/Prefabs/Ingredientes/Verduras/Materials/Col/col.fbx
  artifactKey: Guid(f9f3f9819b5f25243afeb71265d7a59b) Importer(815301076,1909f56bfc062723c751e8b465ee728b)
Start importing Assets/_MiProyecto/Items/Prefabs/Ingredientes/Verduras/Materials/Col/col.fbx using Guid(f9f3f9819b5f25243afeb71265d7a59b) Importer(815301076,1909f56bfc062723c751e8b465ee728b)  -> (artifact id: '7c007d84842d961b9a48990773064b96') in 0.058549 seconds 
========================================================================
Received Import Request.
  Time since last request: 0.000459 seconds.
  path: Assets/_MiProyecto/Items/Prefabs/Ingredientes/Verduras/Materials/Col/Col.mat
  artifactKey: Guid(701997cf4463a624eb4a1916d2646a12) Importer(815301076,1909f56bfc062723c751e8b465ee728b)
Start importing Assets/_MiProyecto/Items/Prefabs/Ingredientes/Verduras/Materials/Col/Col.mat using Guid(701997cf4463a624eb4a1916d2646a12) Importer(815301076,1909f56bfc062723c751e8b465ee728b)  -> (artifact id: '8f975d11d2d1b729e470edc6c2ed1d3f') in 0.048155 seconds 
========================================================================
Received Import Request.
  Time since last request: 1.079232 seconds.
  path: Assets/_MiProyecto/Items/Prefabs/Ingredientes/Verduras/Materials/Lechuga/01 - Default.mat
  artifactKey: Guid(8136be7fe95f59d46ba3d71616382079) Importer(815301076,1909f56bfc062723c751e8b465ee728b)
Start importing Assets/_MiProyecto/Items/Prefabs/Ingredientes/Verduras/Materials/Lechuga/01 - Default.mat using Guid(8136be7fe95f59d46ba3d71616382079) Importer(815301076,1909f56bfc062723c751e8b465ee728b)  -> (artifact id: '8a95284601ffd76c21bc151d19267f5f') in 0.051273 seconds 
========================================================================
Received Import Request.
  Time since last request: 0.000409 seconds.
  path: Assets/_MiProyecto/Items/Prefabs/Ingredientes/Verduras/Materials/Lechuga/lechuga.fbx
  artifactKey: Guid(f218fa1ea13ee6148a8f28a318536a5b) Importer(815301076,1909f56bfc062723c751e8b465ee728b)
Start importing Assets/_MiProyecto/Items/Prefabs/Ingredientes/Verduras/Materials/Lechuga/lechuga.fbx using Guid(f218fa1ea13ee6148a8f28a318536a5b) Importer(815301076,1909f56bfc062723c751e8b465ee728b)  -> (artifact id: 'fceea4f9fd8cfaa514e2df4f856c5b89') in 0.063319 seconds 
========================================================================
Received Import Request.
  Time since last request: 3.410511 seconds.
  path: Assets/_MiProyecto/Items/Prefabs/Ingredientes/Verduras/Materials/Maiz/Maiz.fbx
  artifactKey: Guid(2cbefe1451153aa4988120874ede2bb2) Importer(815301076,1909f56bfc062723c751e8b465ee728b)
Start importing Assets/_MiProyecto/Items/Prefabs/Ingredientes/Verduras/Materials/Maiz/Maiz.fbx using Guid(2cbefe1451153aa4988120874ede2bb2) Importer(815301076,1909f56bfc062723c751e8b465ee728b)  -> (artifact id: '2bfae2a0432478a542bdb3ff8bdbbdcc') in 0.059773 seconds 
========================================================================
Received Import Request.
  Time since last request: 0.000435 seconds.
  path: Assets/_MiProyecto/Items/Prefabs/Ingredientes/Verduras/Materials/Maiz/Maiz.mat
  artifactKey: Guid(f1cae90122cb49a41957a9429dd73612) Importer(815301076,1909f56bfc062723c751e8b465ee728b)
Start importing Assets/_MiProyecto/Items/Prefabs/Ingredientes/Verduras/Materials/Maiz/Maiz.mat using Guid(f1cae90122cb49a41957a9429dd73612) Importer(815301076,1909f56bfc062723c751e8b465ee728b)  -> (artifact id: '2a7dbc5d7b0b4a3c7c9f9f3c9f2e5963') in 0.048868 seconds 
========================================================================
Received Import Request.
  Time since last request: 0.273698 seconds.
  path: Assets/_MiProyecto/Items/Prefabs/Ingredientes/Verduras/Materials/Materials/cebolla_blanca.mat
  artifactKey: Guid(6d125a39f8d12da45836feec31bc3e51) Importer(815301076,1909f56bfc062723c751e8b465ee728b)
Start importing Assets/_MiProyecto/Items/Prefabs/Ingredientes/Verduras/Materials/Materials/cebolla_blanca.mat using Guid(6d125a39f8d12da45836feec31bc3e51) Importer(815301076,1909f56bfc062723c751e8b465ee728b)  -> (artifact id: '1adf82e21ff060971f50b78c9b1ecf39') in 0.050870 seconds 
========================================================================
Received Import Request.
  Time since last request: 0.000449 seconds.
  path: Assets/_MiProyecto/Items/Prefabs/Ingredientes/Verduras/Materials/Materials/Mtalic.mat
  artifactKey: Guid(15c504ed4ec336743b9626e4dc0f783f) Importer(815301076,1909f56bfc062723c751e8b465ee728b)
Start importing Assets/_MiProyecto/Items/Prefabs/Ingredientes/Verduras/Materials/Materials/Mtalic.mat using Guid(15c504ed4ec336743b9626e4dc0f783f) Importer(815301076,1909f56bfc062723c751e8b465ee728b)  -> (artifact id: '4e99c9e293ddbaa3c380fccadf6ac4ce') in 0.048851 seconds 
========================================================================
Received Import Request.
  Time since last request: 0.413678 seconds.
  path: Assets/_MiProyecto/Items/Prefabs/Ingredientes/Verduras/Materials/Pepino/Pepino.fbx
  artifactKey: Guid(f0809001ebbdc5f4ea5ee598e45b6a16) Importer(815301076,1909f56bfc062723c751e8b465ee728b)
Start importing Assets/_MiProyecto/Items/Prefabs/Ingredientes/Verduras/Materials/Pepino/Pepino.fbx using Guid(f0809001ebbdc5f4ea5ee598e45b6a16) Importer(815301076,1909f56bfc062723c751e8b465ee728b)  -> (artifact id: '9fc0a87e639a0939c996265e6201df5a') in 0.063634 seconds 
========================================================================
Received Import Request.
  Time since last request: 0.000428 seconds.
  path: Assets/_MiProyecto/Items/Prefabs/Ingredientes/Verduras/Materials/Pepino/pepino.mat
  artifactKey: Guid(e661b5d2aeee0494eb7158755ca8bd07) Importer(815301076,1909f56bfc062723c751e8b465ee728b)
Start importing Assets/_MiProyecto/Items/Prefabs/Ingredientes/Verduras/Materials/Pepino/pepino.mat using Guid(e661b5d2aeee0494eb7158755ca8bd07) Importer(815301076,1909f56bfc062723c751e8b465ee728b)  -> (artifact id: 'eb24fbaa9af33a3c0e094b394337c272') in 0.074599 seconds 
========================================================================
Received Import Request.
  Time since last request: 0.534782 seconds.
  path: Assets/_MiProyecto/Items/Prefabs/Ingredientes/Verduras/Materials/Pimiento/PimientoA.fbx
  artifactKey: Guid(dbaae607641c4f146830f18c302c105c) Importer(815301076,1909f56bfc062723c751e8b465ee728b)
Start importing Assets/_MiProyecto/Items/Prefabs/Ingredientes/Verduras/Materials/Pimiento/PimientoA.fbx using Guid(dbaae607641c4f146830f18c302c105c) Importer(815301076,1909f56bfc062723c751e8b465ee728b)  -> (artifact id: 'b82d430d1a7b71b9178334b4528ac818') in 0.066379 seconds 
========================================================================
Received Import Request.
  Time since last request: 0.000428 seconds.
  path: Assets/_MiProyecto/Items/Prefabs/Ingredientes/Verduras/Materials/Pimiento/PimientoV.fbx
  artifactKey: Guid(0f46993c07c3c2c48922889ad42d1eaa) Importer(815301076,1909f56bfc062723c751e8b465ee728b)
Start importing Assets/_MiProyecto/Items/Prefabs/Ingredientes/Verduras/Materials/Pimiento/PimientoV.fbx using Guid(0f46993c07c3c2c48922889ad42d1eaa) Importer(815301076,1909f56bfc062723c751e8b465ee728b)  -> (artifact id: 'a9e1ac10a1866db2db40943b21a6b332') in 0.078514 seconds 
========================================================================
Received Import Request.
  Time since last request: 0.000429 seconds.
  path: Assets/_MiProyecto/Items/Prefabs/Ingredientes/Verduras/Materials/Pimiento/PimientoA.mat
  artifactKey: Guid(810c96d5fb859e94ca52341c045a8f47) Importer(815301076,1909f56bfc062723c751e8b465ee728b)
Start importing Assets/_MiProyecto/Items/Prefabs/Ingredientes/Verduras/Materials/Pimiento/PimientoA.mat using Guid(810c96d5fb859e94ca52341c045a8f47) Importer(815301076,1909f56bfc062723c751e8b465ee728b)  -> (artifact id: 'bd56dd33923a98e1bcb4b4cc7933b600') in 0.044354 seconds 
========================================================================
Received Import Request.
  Time since last request: 0.001142 seconds.
  path: Assets/_MiProyecto/Items/Prefabs/Ingredientes/Verduras/Materials/Pimiento/PimientoR.fbx
  artifactKey: Guid(3ba95db63b3b38645b8ebc16aef289bd) Importer(815301076,1909f56bfc062723c751e8b465ee728b)
Start importing Assets/_MiProyecto/Items/Prefabs/Ingredientes/Verduras/Materials/Pimiento/PimientoR.fbx using Guid(3ba95db63b3b38645b8ebc16aef289bd) Importer(815301076,1909f56bfc062723c751e8b465ee728b)  -> (artifact id: '2ba0960caa1cb211db9869dc5b0dd6e2') in 0.077072 seconds 
========================================================================
Received Import Request.
  Time since last request: 0.000735 seconds.
  path: Assets/_MiProyecto/Items/Prefabs/Ingredientes/Verduras/Materials/Pimiento/PimientoRojo.mat
  artifactKey: Guid(ff056434b80e8d843bd1447bba22f295) Importer(815301076,1909f56bfc062723c751e8b465ee728b)
Start importing Assets/_MiProyecto/Items/Prefabs/Ingredientes/Verduras/Materials/Pimiento/PimientoRojo.mat using Guid(ff056434b80e8d843bd1447bba22f295) Importer(815301076,1909f56bfc062723c751e8b465ee728b)  -> (artifact id: '0ce22d821d4e111d4a3558a757c69b1c') in 0.061222 seconds 
========================================================================
Received Import Request.
  Time since last request: 0.001492 seconds.
  path: Assets/_MiProyecto/Items/Prefabs/Ingredientes/Verduras/Materials/Pimiento/PimientoV.mat
  artifactKey: Guid(c950811aa7baffd4e8d8a0ea9ffe2850) Importer(815301076,1909f56bfc062723c751e8b465ee728b)
Start importing Assets/_MiProyecto/Items/Prefabs/Ingredientes/Verduras/Materials/Pimiento/PimientoV.mat using Guid(c950811aa7baffd4e8d8a0ea9ffe2850) Importer(815301076,1909f56bfc062723c751e8b465ee728b)  -> (artifact id: '9e3d80d62df72236d748df1635127e78') in 0.037831 seconds 
========================================================================
Received Import Request.
  Time since last request: 0.097443 seconds.
  path: Assets/_MiProyecto/Items/Prefabs/Ingredientes/Verduras/Materials/tomate/tomate.fbx
  artifactKey: Guid(4ccd5949cf0e00c46a6a2b65bb7a3b66) Importer(815301076,1909f56bfc062723c751e8b465ee728b)
Start importing Assets/_MiProyecto/Items/Prefabs/Ingredientes/Verduras/Materials/tomate/tomate.fbx using Guid(4ccd5949cf0e00c46a6a2b65bb7a3b66) Importer(815301076,1909f56bfc062723c751e8b465ee728b)  -> (artifact id: 'a9c72a6db9fe6162c5135f1e2285aa9d') in 0.063109 seconds 
========================================================================
Received Import Request.
  Time since last request: 0.000488 seconds.
  path: Assets/_MiProyecto/Items/Prefabs/Ingredientes/Verduras/Materials/tomate/Tomate.mat
  artifactKey: Guid(9eabf2bf35e1d30489327cb440709e75) Importer(815301076,1909f56bfc062723c751e8b465ee728b)
Start importing Assets/_MiProyecto/Items/Prefabs/Ingredientes/Verduras/Materials/tomate/Tomate.mat using Guid(9eabf2bf35e1d30489327cb440709e75) Importer(815301076,1909f56bfc062723c751e8b465ee728b)  -> (artifact id: '07dc6b630a38c584a8f9063cb6cbf84c') in 0.064027 seconds 
========================================================================
Received Import Request.
  Time since last request: 133.934609 seconds.
  path: Assets/_MiProyecto/Mapa/Modelos/plato.fbx
  artifactKey: Guid(5e26da8629e893f498659578dd2697c2) Importer(815301076,1909f56bfc062723c751e8b465ee728b)
Start importing Assets/_MiProyecto/Mapa/Modelos/plato.fbx using Guid(5e26da8629e893f498659578dd2697c2) Importer(815301076,1909f56bfc062723c751e8b465ee728b)  -> (artifact id: '4eb10f6ef9219c328438e5f06b990cfa') in 0.056640 seconds 
========================================================================
Received Import Request.
  Time since last request: 52.870980 seconds.
  path: Assets/_MiProyecto/Items/Prefabs/Kebab.prefab
  artifactKey: Guid(4e8aebb8f516b20409898919946c6f91) Importer(815301076,1909f56bfc062723c751e8b465ee728b)
Start importing Assets/_MiProyecto/Items/Prefabs/Kebab.prefab using Guid(4e8aebb8f516b20409898919946c6f91) Importer(815301076,1909f56bfc062723c751e8b465ee728b)  -> (artifact id: '2f5f94a6300e265a097c55939c1c27ec') in 0.030151 seconds 
AssetImportWorkerClient::OnTransportError - code=2 error=End of file
